The system is: CYGWIN - 2.11.1(0.329/5/3) - x86_64
Compiling the C compiler identification source file "CMakeCCompilerId.c" succeeded.
Compiler: /usr/bin/cc 
Build flags: 
Id flags: 

The output was:
0


Compilation of the C compiler identification source "CMakeCCompilerId.c" produced "a.exe"

The C compiler identification is GNU, found in "/cygdrive/z/Coding/Repositories/Computer-Science/CIS 467/Lab #3/Server/cmake-build-debug/CMakeFiles/3.6.2/CompilerIdC/a.exe"

Compiling the CXX compiler identification source file "CMakeCXXCompilerId.cpp" succeeded.
Compiler: /usr/bin/c++.exe 
Build flags: 
Id flags: 

The output was:
0


Compilation of the CXX compiler identification source "CMakeCXXCompilerId.cpp" produced "a.exe"

The CXX compiler identification is GNU, found in "/cygdrive/z/Coding/Repositories/Computer-Science/CIS 467/Lab #3/Server/cmake-build-debug/CMakeFiles/3.6.2/CompilerIdCXX/a.exe"

Determining if the C compiler works passed with the following output:
Change Dir: /cygdrive/z/Coding/Repositories/Computer-Science/CIS 467/Lab #3/Server/cmake-build-debug/CMakeFiles/CMakeTmp

Run Build Command:"/usr/bin/make.exe" "cmTC_1543c/fast"
/usr/bin/make -f CMakeFiles/cmTC_1543c.dir/build.make CMakeFiles/cmTC_1543c.dir/build
make[1]: Entering directory '/cygdrive/z/Coding/Repositories/Computer-Science/CIS 467/Lab #3/Server/cmake-build-debug/CMakeFiles/CMakeTmp'
Building C object CMakeFiles/cmTC_1543c.dir/testCCompiler.c.o
/usr/bin/cc     -o CMakeFiles/cmTC_1543c.dir/testCCompiler.c.o   -c "/cygdrive/z/Coding/Repositories/Computer-Science/CIS 467/Lab #3/Server/cmake-build-debug/CMakeFiles/CMakeTmp/testCCompiler.c"
Linking C executable cmTC_1543c.exe
/usr/bin/cmake.exe -E cmake_link_script CMakeFiles/cmTC_1543c.dir/link.txt --verbose=1
/usr/bin/cc     -Wl,--enable-auto-import  CMakeFiles/cmTC_1543c.dir/testCCompiler.c.o  -o cmTC_1543c.exe -Wl,--out-implib,libcmTC_1543c.dll.a -Wl,--major-image-version,0,--minor-image-version,0 
make[1]: Leaving directory '/cygdrive/z/Coding/Repositories/Computer-Science/CIS 467/Lab #3/Server/cmake-build-debug/CMakeFiles/CMakeTmp'


Detecting C compiler ABI info compiled with the following output:
Change Dir: /cygdrive/z/Coding/Repositories/Computer-Science/CIS 467/Lab #3/Server/cmake-build-debug/CMakeFiles/CMakeTmp

Run Build Command:"/usr/bin/make.exe" "cmTC_89014/fast"
/usr/bin/make -f CMakeFiles/cmTC_89014.dir/build.make CMakeFiles/cmTC_89014.dir/build
make[1]: Entering directory '/cygdrive/z/Coding/Repositories/Computer-Science/CIS 467/Lab #3/Server/cmake-build-debug/CMakeFiles/CMakeTmp'
Building C object CMakeFiles/cmTC_89014.dir/CMakeCCompilerABI.c.o
/usr/bin/cc     -o CMakeFiles/cmTC_89014.dir/CMakeCCompilerABI.c.o   -c /usr/share/cmake-3.6.2/Modules/CMakeCCompilerABI.c
Linking C executable cmTC_89014.exe
/usr/bin/cmake.exe -E cmake_link_script CMakeFiles/cmTC_89014.dir/link.txt --verbose=1
/usr/bin/cc     -Wl,--enable-auto-import -v CMakeFiles/cmTC_89014.dir/CMakeCCompilerABI.c.o  -o cmTC_89014.exe -Wl,--out-implib,libcmTC_89014.dll.a -Wl,--major-image-version,0,--minor-image-version,0  
Using built-in specs.
COLLECT_GCC=/usr/bin/cc
COLLECT_LTO_WRAPPER=/usr/lib/gcc/x86_64-pc-cygwin/7.3.0/lto-wrapper.exe
Target: x86_64-pc-cygwin
Configured with: /cygdrive/i/szsz/tmpp/gcc/gcc-7.3.0-3.x86_64/src/gcc-7.3.0/configure --srcdir=/cygdrive/i/szsz/tmpp/gcc/gcc-7.3.0-3.x86_64/src/gcc-7.3.0 --prefix=/usr --exec-prefix=/usr --localstatedir=/var --sysconfdir=/etc --docdir=/usr/share/doc/gcc --htmldir=/usr/share/doc/gcc/html -C --build=x86_64-pc-cygwin --host=x86_64-pc-cygwin --target=x86_64-pc-cygwin --without-libiconv-prefix --without-libintl-prefix --libexecdir=/usr/lib --enable-shared --enable-shared-libgcc --enable-static --enable-version-specific-runtime-libs --enable-bootstrap --enable-__cxa_atexit --with-dwarf2 --with-tune=generic --enable-languages=ada,c,c++,fortran,lto,objc,obj-c++ --enable-graphite --enable-threads=posix --enable-libatomic --enable-libcilkrts --enable-libgomp --enable-libitm --enable-libquadmath --enable-libquadmath-support --disable-libssp --enable-libada --disable-symvers --with-gnu-ld --with-gnu-as --with-cloog-include=/usr/include/cloog-isl --without-libiconv-prefix --without-libintl-prefix --with-system-zlib --enable-linker-build-id --with-default-libstdcxx-abi=gcc4-compatible --enable-libstdcxx-filesystem-ts
Thread model: posix
gcc version 7.3.0 (GCC) 
COMPILER_PATH=/usr/lib/gcc/x86_64-pc-cygwin/7.3.0/:/usr/lib/gcc/x86_64-pc-cygwin/7.3.0/:/usr/lib/gcc/x86_64-pc-cygwin/:/usr/lib/gcc/x86_64-pc-cygwin/7.3.0/:/usr/lib/gcc/x86_64-pc-cygwin/:/usr/lib/gcc/x86_64-pc-cygwin/7.3.0/../../../../x86_64-pc-cygwin/bin/
LIBRARY_PATH=/usr/lib/gcc/x86_64-pc-cygwin/7.3.0/:/usr/lib/gcc/x86_64-pc-cygwin/7.3.0/../../../../x86_64-pc-cygwin/lib/../lib/:/usr/lib/gcc/x86_64-pc-cygwin/7.3.0/../../../../lib/:/lib/../lib/:/usr/lib/../lib/:/usr/lib/gcc/x86_64-pc-cygwin/7.3.0/../../../../x86_64-pc-cygwin/lib/:/usr/lib/gcc/x86_64-pc-cygwin/7.3.0/../../../:/lib/:/usr/lib/
COLLECT_GCC_OPTIONS='-v' '-o' 'cmTC_89014.exe' '-mtune=generic' '-march=x86-64'
 /usr/lib/gcc/x86_64-pc-cygwin/7.3.0/collect2.exe -plugin /usr/lib/gcc/x86_64-pc-cygwin/7.3.0/cyglto_plugin.dll -plugin-opt=/usr/lib/gcc/x86_64-pc-cygwin/7.3.0/lto-wrapper.exe -plugin-opt=-fresolution=/tmp/ccs8MFcH.res -plugin-opt=-pass-through=-lgcc_s -plugin-opt=-pass-through=-lgcc -plugin-opt=-pass-through=-lcygwin -plugin-opt=-pass-through=-ladvapi32 -plugin-opt=-pass-through=-lshell32 -plugin-opt=-pass-through=-luser32 -plugin-opt=-pass-through=-lkernel32 -plugin-opt=-pass-through=-lgcc_s -plugin-opt=-pass-through=-lgcc --build-id -m i386pep --wrap _Znwm --wrap _Znam --wrap _ZdlPv --wrap _ZdaPv --wrap _ZnwmRKSt9nothrow_t --wrap _ZnamRKSt9nothrow_t --wrap _ZdlPvRKSt9nothrow_t --wrap _ZdaPvRKSt9nothrow_t -Bdynamic --dll-search-prefix=cyg --tsaware -o cmTC_89014.exe /usr/lib/gcc/x86_64-pc-cygwin/7.3.0/../../../../lib/crt0.o /usr/lib/gcc/x86_64-pc-cygwin/7.3.0/crtbegin.o -L/usr/lib/gcc/x86_64-pc-cygwin/7.3.0 -L/usr/lib/gcc/x86_64-pc-cygwin/7.3.0/../../../../x86_64-pc-cygwin/lib/../lib -L/usr/lib/gcc/x86_64-pc-cygwin/7.3.0/../../../../lib -L/lib/../lib -L/usr/lib/../lib -L/usr/lib/gcc/x86_64-pc-cygwin/7.3.0/../../../../x86_64-pc-cygwin/lib -L/usr/lib/gcc/x86_64-pc-cygwin/7.3.0/../../.. --enable-auto-import CMakeFiles/cmTC_89014.dir/CMakeCCompilerABI.c.o --out-implib libcmTC_89014.dll.a --major-image-version 0 --minor-image-version 0 -lgcc_s -lgcc -lcygwin -ladvapi32 -lshell32 -luser32 -lkernel32 -lgcc_s -lgcc /usr/lib/gcc/x86_64-pc-cygwin/7.3.0/../../../../lib/default-manifest.o /usr/lib/gcc/x86_64-pc-cygwin/7.3.0/crtend.o
COLLECT_GCC_OPTIONS='-v' '-o' 'cmTC_89014.exe' '-mtune=generic' '-march=x86-64'
make[1]: Leaving directory '/cygdrive/z/Coding/Repositories/Computer-Science/CIS 467/Lab #3/Server/cmake-build-debug/CMakeFiles/CMakeTmp'


Parsed C implicit link information from above output:
  link line regex: [^( *|.*[/\])(ld\.exe|([^/\]+-)?ld|collect2)[^/\]*( |$)]
  ignore line: [Change Dir: /cygdrive/z/Coding/Repositories/Computer-Science/CIS 467/Lab #3/Server/cmake-build-debug/CMakeFiles/CMakeTmp]
  ignore line: []
  ignore line: [Run Build Command:"/usr/bin/make.exe" "cmTC_89014/fast"]
  ignore line: [/usr/bin/make -f CMakeFiles/cmTC_89014.dir/build.make CMakeFiles/cmTC_89014.dir/build]
  ignore line: [make[1]: Entering directory '/cygdrive/z/Coding/Repositories/Computer-Science/CIS 467/Lab #3/Server/cmake-build-debug/CMakeFiles/CMakeTmp']
  ignore line: [Building C object CMakeFiles/cmTC_89014.dir/CMakeCCompilerABI.c.o]
  ignore line: [/usr/bin/cc     -o CMakeFiles/cmTC_89014.dir/CMakeCCompilerABI.c.o   -c /usr/share/cmake-3.6.2/Modules/CMakeCCompilerABI.c]
  ignore line: [Linking C executable cmTC_89014.exe]
  ignore line: [/usr/bin/cmake.exe -E cmake_link_script CMakeFiles/cmTC_89014.dir/link.txt --verbose=1]
  ignore line: [/usr/bin/cc     -Wl,--enable-auto-import -v CMakeFiles/cmTC_89014.dir/CMakeCCompilerABI.c.o  -o cmTC_89014.exe -Wl,--out-implib,libcmTC_89014.dll.a -Wl,--major-image-version,0,--minor-image-version,0  ]
  ignore line: [Using built-in specs.]
  ignore line: [COLLECT_GCC=/usr/bin/cc]
  ignore line: [COLLECT_LTO_WRAPPER=/usr/lib/gcc/x86_64-pc-cygwin/7.3.0/lto-wrapper.exe]
  ignore line: [Target: x86_64-pc-cygwin]
  ignore line: [Configured with: /cygdrive/i/szsz/tmpp/gcc/gcc-7.3.0-3.x86_64/src/gcc-7.3.0/configure --srcdir=/cygdrive/i/szsz/tmpp/gcc/gcc-7.3.0-3.x86_64/src/gcc-7.3.0 --prefix=/usr --exec-prefix=/usr --localstatedir=/var --sysconfdir=/etc --docdir=/usr/share/doc/gcc --htmldir=/usr/share/doc/gcc/html -C --build=x86_64-pc-cygwin --host=x86_64-pc-cygwin --target=x86_64-pc-cygwin --without-libiconv-prefix --without-libintl-prefix --libexecdir=/usr/lib --enable-shared --enable-shared-libgcc --enable-static --enable-version-specific-runtime-libs --enable-bootstrap --enable-__cxa_atexit --with-dwarf2 --with-tune=generic --enable-languages=ada,c,c++,fortran,lto,objc,obj-c++ --enable-graphite --enable-threads=posix --enable-libatomic --enable-libcilkrts --enable-libgomp --enable-libitm --enable-libquadmath --enable-libquadmath-support --disable-libssp --enable-libada --disable-symvers --with-gnu-ld --with-gnu-as --with-cloog-include=/usr/include/cloog-isl --without-libiconv-prefix --without-libintl-prefix --with-system-zlib --enable-linker-build-id --with-default-libstdcxx-abi=gcc4-compatible --enable-libstdcxx-filesystem-ts]
  ignore line: [Thread model: posix]
  ignore line: [gcc version 7.3.0 (GCC) ]
  ignore line: [COMPILER_PATH=/usr/lib/gcc/x86_64-pc-cygwin/7.3.0/:/usr/lib/gcc/x86_64-pc-cygwin/7.3.0/:/usr/lib/gcc/x86_64-pc-cygwin/:/usr/lib/gcc/x86_64-pc-cygwin/7.3.0/:/usr/lib/gcc/x86_64-pc-cygwin/:/usr/lib/gcc/x86_64-pc-cygwin/7.3.0/../../../../x86_64-pc-cygwin/bin/]
  ignore line: [LIBRARY_PATH=/usr/lib/gcc/x86_64-pc-cygwin/7.3.0/:/usr/lib/gcc/x86_64-pc-cygwin/7.3.0/../../../../x86_64-pc-cygwin/lib/../lib/:/usr/lib/gcc/x86_64-pc-cygwin/7.3.0/../../../../lib/:/lib/../lib/:/usr/lib/../lib/:/usr/lib/gcc/x86_64-pc-cygwin/7.3.0/../../../../x86_64-pc-cygwin/lib/:/usr/lib/gcc/x86_64-pc-cygwin/7.3.0/../../../:/lib/:/usr/lib/]
  ignore line: [COLLECT_GCC_OPTIONS='-v' '-o' 'cmTC_89014.exe' '-mtune=generic' '-march=x86-64']
  link line: [ /usr/lib/gcc/x86_64-pc-cygwin/7.3.0/collect2.exe -plugin /usr/lib/gcc/x86_64-pc-cygwin/7.3.0/cyglto_plugin.dll -plugin-opt=/usr/lib/gcc/x86_64-pc-cygwin/7.3.0/lto-wrapper.exe -plugin-opt=-fresolution=/tmp/ccs8MFcH.res -plugin-opt=-pass-through=-lgcc_s -plugin-opt=-pass-through=-lgcc -plugin-opt=-pass-through=-lcygwin -plugin-opt=-pass-through=-ladvapi32 -plugin-opt=-pass-through=-lshell32 -plugin-opt=-pass-through=-luser32 -plugin-opt=-pass-through=-lkernel32 -plugin-opt=-pass-through=-lgcc_s -plugin-opt=-pass-through=-lgcc --build-id -m i386pep --wrap _Znwm --wrap _Znam --wrap _ZdlPv --wrap _ZdaPv --wrap _ZnwmRKSt9nothrow_t --wrap _ZnamRKSt9nothrow_t --wrap _ZdlPvRKSt9nothrow_t --wrap _ZdaPvRKSt9nothrow_t -Bdynamic --dll-search-prefix=cyg --tsaware -o cmTC_89014.exe /usr/lib/gcc/x86_64-pc-cygwin/7.3.0/../../../../lib/crt0.o /usr/lib/gcc/x86_64-pc-cygwin/7.3.0/crtbegin.o -L/usr/lib/gcc/x86_64-pc-cygwin/7.3.0 -L/usr/lib/gcc/x86_64-pc-cygwin/7.3.0/../../../../x86_64-pc-cygwin/lib/../lib -L/usr/lib/gcc/x86_64-pc-cygwin/7.3.0/../../../../lib -L/lib/../lib -L/usr/lib/../lib -L/usr/lib/gcc/x86_64-pc-cygwin/7.3.0/../../../../x86_64-pc-cygwin/lib -L/usr/lib/gcc/x86_64-pc-cygwin/7.3.0/../../.. --enable-auto-import CMakeFiles/cmTC_89014.dir/CMakeCCompilerABI.c.o --out-implib libcmTC_89014.dll.a --major-image-version 0 --minor-image-version 0 -lgcc_s -lgcc -lcygwin -ladvapi32 -lshell32 -luser32 -lkernel32 -lgcc_s -lgcc /usr/lib/gcc/x86_64-pc-cygwin/7.3.0/../../../../lib/default-manifest.o /usr/lib/gcc/x86_64-pc-cygwin/7.3.0/crtend.o]
    arg [/usr/lib/gcc/x86_64-pc-cygwin/7.3.0/collect2.exe] ==> ignore
    arg [-plugin] ==> ignore
    arg [/usr/lib/gcc/x86_64-pc-cygwin/7.3.0/cyglto_plugin.dll] ==> ignore
    arg [-plugin-opt=/usr/lib/gcc/x86_64-pc-cygwin/7.3.0/lto-wrapper.exe] ==> ignore
    arg [-plugin-opt=-fresolution=/tmp/ccs8MFcH.res] ==> ignore
    arg [-plugin-opt=-pass-through=-lgcc_s] ==> ignore
    arg [-plugin-opt=-pass-through=-lgcc] ==> ignore
    arg [-plugin-opt=-pass-through=-lcygwin] ==> ignore
    arg [-plugin-opt=-pass-through=-ladvapi32] ==> ignore
    arg [-plugin-opt=-pass-through=-lshell32] ==> ignore
    arg [-plugin-opt=-pass-through=-luser32] ==> ignore
    arg [-plugin-opt=-pass-through=-lkernel32] ==> ignore
    arg [-plugin-opt=-pass-through=-lgcc_s] ==> ignore
    arg [-plugin-opt=-pass-through=-lgcc] ==> ignore
    arg [--build-id] ==> ignore
    arg [-m] ==> ignore
    arg [i386pep] ==> ignore
    arg [--wrap] ==> ignore
    arg [_Znwm] ==> ignore
    arg [--wrap] ==> ignore
    arg [_Znam] ==> ignore
    arg [--wrap] ==> ignore
    arg [_ZdlPv] ==> ignore
    arg [--wrap] ==> ignore
    arg [_ZdaPv] ==> ignore
    arg [--wrap] ==> ignore
    arg [_ZnwmRKSt9nothrow_t] ==> ignore
    arg [--wrap] ==> ignore
    arg [_ZnamRKSt9nothrow_t] ==> ignore
    arg [--wrap] ==> ignore
    arg [_ZdlPvRKSt9nothrow_t] ==> ignore
    arg [--wrap] ==> ignore
    arg [_ZdaPvRKSt9nothrow_t] ==> ignore
    arg [-Bdynamic] ==> ignore
    arg [--dll-search-prefix=cyg] ==> ignore
    arg [--tsaware] ==> ignore
    arg [-o] ==> ignore
    arg [cmTC_89014.exe] ==> ignore
    arg [/usr/lib/gcc/x86_64-pc-cygwin/7.3.0/../../../../lib/crt0.o] ==> ignore
    arg [/usr/lib/gcc/x86_64-pc-cygwin/7.3.0/crtbegin.o] ==> ignore
    arg [-L/usr/lib/gcc/x86_64-pc-cygwin/7.3.0] ==> dir [/usr/lib/gcc/x86_64-pc-cygwin/7.3.0]
    arg [-L/usr/lib/gcc/x86_64-pc-cygwin/7.3.0/../../../../x86_64-pc-cygwin/lib/../lib] ==> dir [/usr/lib/gcc/x86_64-pc-cygwin/7.3.0/../../../../x86_64-pc-cygwin/lib/../lib]
    arg [-L/usr/lib/gcc/x86_64-pc-cygwin/7.3.0/../../../../lib] ==> dir [/usr/lib/gcc/x86_64-pc-cygwin/7.3.0/../../../../lib]
    arg [-L/lib/../lib] ==> dir [/lib/../lib]
    arg [-L/usr/lib/../lib] ==> dir [/usr/lib/../lib]
    arg [-L/usr/lib/gcc/x86_64-pc-cygwin/7.3.0/../../../../x86_64-pc-cygwin/lib] ==> dir [/usr/lib/gcc/x86_64-pc-cygwin/7.3.0/../../../../x86_64-pc-cygwin/lib]
    arg [-L/usr/lib/gcc/x86_64-pc-cygwin/7.3.0/../../..] ==> dir [/usr/lib/gcc/x86_64-pc-cygwin/7.3.0/../../..]
    arg [--enable-auto-import] ==> ignore
    arg [CMakeFiles/cmTC_89014.dir/CMakeCCompilerABI.c.o] ==> ignore
    arg [--out-implib] ==> ignore
    arg [libcmTC_89014.dll.a] ==> ignore
    arg [--major-image-version] ==> ignore
    arg [0] ==> ignore
    arg [--minor-image-version] ==> ignore
    arg [0] ==> ignore
    arg [-lgcc_s] ==> lib [gcc_s]
    arg [-lgcc] ==> lib [gcc]
    arg [-lcygwin] ==> lib [cygwin]
    arg [-ladvapi32] ==> lib [advapi32]
    arg [-lshell32] ==> lib [shell32]
    arg [-luser32] ==> lib [user32]
    arg [-lkernel32] ==> lib [kernel32]
    arg [-lgcc_s] ==> lib [gcc_s]
    arg [-lgcc] ==> lib [gcc]
    arg [/usr/lib/gcc/x86_64-pc-cygwin/7.3.0/../../../../lib/default-manifest.o] ==> ignore
    arg [/usr/lib/gcc/x86_64-pc-cygwin/7.3.0/crtend.o] ==> ignore
  remove lib [gcc_s]
  remove lib [gcc]
  remove lib [gcc_s]
  remove lib [gcc]
  collapse library dir [/usr/lib/gcc/x86_64-pc-cygwin/7.3.0] ==> [/usr/lib/gcc/x86_64-pc-cygwin/7.3.0]
  collapse library dir [/usr/lib/gcc/x86_64-pc-cygwin/7.3.0/../../../../x86_64-pc-cygwin/lib/../lib] ==> [/usr/x86_64-pc-cygwin/lib]
  collapse library dir [/usr/lib/gcc/x86_64-pc-cygwin/7.3.0/../../../../lib] ==> [/usr/lib]
  collapse library dir [/lib/../lib] ==> [/lib]
  collapse library dir [/usr/lib/../lib] ==> [/usr/lib]
  collapse library dir [/usr/lib/gcc/x86_64-pc-cygwin/7.3.0/../../../../x86_64-pc-cygwin/lib] ==> [/usr/x86_64-pc-cygwin/lib]
  collapse library dir [/usr/lib/gcc/x86_64-pc-cygwin/7.3.0/../../..] ==> [/usr/lib]
  implicit libs: [cygwin;advapi32;shell32;user32;kernel32]
  implicit dirs: [/usr/lib/gcc/x86_64-pc-cygwin/7.3.0;/usr/x86_64-pc-cygwin/lib;/usr/lib;/lib]
  implicit fwks: []


Determining if the CXX compiler works passed with the following output:
Change Dir: /cygdrive/z/Coding/Repositories/Computer-Science/CIS 467/Lab #3/Server/cmake-build-debug/CMakeFiles/CMakeTmp

Run Build Command:"/usr/bin/make.exe" "cmTC_a55cf/fast"
/usr/bin/make -f CMakeFiles/cmTC_a55cf.dir/build.make CMakeFiles/cmTC_a55cf.dir/build
make[1]: Entering directory '/cygdrive/z/Coding/Repositories/Computer-Science/CIS 467/Lab #3/Server/cmake-build-debug/CMakeFiles/CMakeTmp'
Building CXX object CMakeFiles/cmTC_a55cf.dir/testCXXCompiler.cxx.o
/usr/bin/c++.exe      -o CMakeFiles/cmTC_a55cf.dir/testCXXCompiler.cxx.o -c "/cygdrive/z/Coding/Repositories/Computer-Science/CIS 467/Lab #3/Server/cmake-build-debug/CMakeFiles/CMakeTmp/testCXXCompiler.cxx"
Linking CXX executable cmTC_a55cf.exe
/usr/bin/cmake.exe -E cmake_link_script CMakeFiles/cmTC_a55cf.dir/link.txt --verbose=1
/usr/bin/c++.exe     -Wl,--enable-auto-import  CMakeFiles/cmTC_a55cf.dir/testCXXCompiler.cxx.o  -o cmTC_a55cf.exe -Wl,--out-implib,libcmTC_a55cf.dll.a -Wl,--major-image-version,0,--minor-image-version,0 
make[1]: Leaving directory '/cygdrive/z/Coding/Repositories/Computer-Science/CIS 467/Lab #3/Server/cmake-build-debug/CMakeFiles/CMakeTmp'


Detecting CXX compiler ABI info compiled with the following output:
Change Dir: /cygdrive/z/Coding/Repositories/Computer-Science/CIS 467/Lab #3/Server/cmake-build-debug/CMakeFiles/CMakeTmp

Run Build Command:"/usr/bin/make.exe" "cmTC_36f4d/fast"
/usr/bin/make -f CMakeFiles/cmTC_36f4d.dir/build.make CMakeFiles/cmTC_36f4d.dir/build
make[1]: Entering directory '/cygdrive/z/Coding/Repositories/Computer-Science/CIS 467/Lab #3/Server/cmake-build-debug/CMakeFiles/CMakeTmp'
Building CXX object CMakeFiles/cmTC_36f4d.dir/CMakeCXXCompilerABI.cpp.o
/usr/bin/c++.exe      -o CMakeFiles/cmTC_36f4d.dir/CMakeCXXCompilerABI.cpp.o -c /usr/share/cmake-3.6.2/Modules/CMakeCXXCompilerABI.cpp
Linking CXX executable cmTC_36f4d.exe
/usr/bin/cmake.exe -E cmake_link_script CMakeFiles/cmTC_36f4d.dir/link.txt --verbose=1
/usr/bin/c++.exe     -Wl,--enable-auto-import -v CMakeFiles/cmTC_36f4d.dir/CMakeCXXCompilerABI.cpp.o  -o cmTC_36f4d.exe -Wl,--out-implib,libcmTC_36f4d.dll.a -Wl,--major-image-version,0,--minor-image-version,0  
Using built-in specs.
COLLECT_GCC=/usr/bin/c++
COLLECT_LTO_WRAPPER=/usr/lib/gcc/x86_64-pc-cygwin/7.3.0/lto-wrapper.exe
Target: x86_64-pc-cygwin
Configured with: /cygdrive/i/szsz/tmpp/gcc/gcc-7.3.0-3.x86_64/src/gcc-7.3.0/configure --srcdir=/cygdrive/i/szsz/tmpp/gcc/gcc-7.3.0-3.x86_64/src/gcc-7.3.0 --prefix=/usr --exec-prefix=/usr --localstatedir=/var --sysconfdir=/etc --docdir=/usr/share/doc/gcc --htmldir=/usr/share/doc/gcc/html -C --build=x86_64-pc-cygwin --host=x86_64-pc-cygwin --target=x86_64-pc-cygwin --without-libiconv-prefix --without-libintl-prefix --libexecdir=/usr/lib --enable-shared --enable-shared-libgcc --enable-static --enable-version-specific-runtime-libs --enable-bootstrap --enable-__cxa_atexit --with-dwarf2 --with-tune=generic --enable-languages=ada,c,c++,fortran,lto,objc,obj-c++ --enable-graphite --enable-threads=posix --enable-libatomic --enable-libcilkrts --enable-libgomp --enable-libitm --enable-libquadmath --enable-libquadmath-support --disable-libssp --enable-libada --disable-symvers --with-gnu-ld --with-gnu-as --with-cloog-include=/usr/include/cloog-isl --without-libiconv-prefix --without-libintl-prefix --with-system-zlib --enable-linker-build-id --with-default-libstdcxx-abi=gcc4-compatible --enable-libstdcxx-filesystem-ts
Thread model: posix
gcc version 7.3.0 (GCC) 
COMPILER_PATH=/usr/lib/gcc/x86_64-pc-cygwin/7.3.0/:/usr/lib/gcc/x86_64-pc-cygwin/7.3.0/:/usr/lib/gcc/x86_64-pc-cygwin/:/usr/lib/gcc/x86_64-pc-cygwin/7.3.0/:/usr/lib/gcc/x86_64-pc-cygwin/:/usr/lib/gcc/x86_64-pc-cygwin/7.3.0/../../../../x86_64-pc-cygwin/bin/
LIBRARY_PATH=/usr/lib/gcc/x86_64-pc-cygwin/7.3.0/:/usr/lib/gcc/x86_64-pc-cygwin/7.3.0/../../../../x86_64-pc-cygwin/lib/../lib/:/usr/lib/gcc/x86_64-pc-cygwin/7.3.0/../../../../lib/:/lib/../lib/:/usr/lib/../lib/:/usr/lib/gcc/x86_64-pc-cygwin/7.3.0/../../../../x86_64-pc-cygwin/lib/:/usr/lib/gcc/x86_64-pc-cygwin/7.3.0/../../../:/lib/:/usr/lib/
COLLECT_GCC_OPTIONS='-v' '-o' 'cmTC_36f4d.exe' '-shared-libgcc' '-mtune=generic' '-march=x86-64'
 /usr/lib/gcc/x86_64-pc-cygwin/7.3.0/collect2.exe -plugin /usr/lib/gcc/x86_64-pc-cygwin/7.3.0/cyglto_plugin.dll -plugin-opt=/usr/lib/gcc/x86_64-pc-cygwin/7.3.0/lto-wrapper.exe -plugin-opt=-fresolution=/tmp/ccX7ckwM.res -plugin-opt=-pass-through=-lgcc_s -plugin-opt=-pass-through=-lgcc -plugin-opt=-pass-through=-lcygwin -plugin-opt=-pass-through=-ladvapi32 -plugin-opt=-pass-through=-lshell32 -plugin-opt=-pass-through=-luser32 -plugin-opt=-pass-through=-lkernel32 -plugin-opt=-pass-through=-lgcc_s -plugin-opt=-pass-through=-lgcc --build-id -m i386pep --wrap _Znwm --wrap _Znam --wrap _ZdlPv --wrap _ZdaPv --wrap _ZnwmRKSt9nothrow_t --wrap _ZnamRKSt9nothrow_t --wrap _ZdlPvRKSt9nothrow_t --wrap _ZdaPvRKSt9nothrow_t -Bdynamic --dll-search-prefix=cyg --tsaware -o cmTC_36f4d.exe /usr/lib/gcc/x86_64-pc-cygwin/7.3.0/../../../../lib/crt0.o /usr/lib/gcc/x86_64-pc-cygwin/7.3.0/crtbegin.o -L/usr/lib/gcc/x86_64-pc-cygwin/7.3.0 -L/usr/lib/gcc/x86_64-pc-cygwin/7.3.0/../../../../x86_64-pc-cygwin/lib/../lib -L/usr/lib/gcc/x86_64-pc-cygwin/7.3.0/../../../../lib -L/lib/../lib -L/usr/lib/../lib -L/usr/lib/gcc/x86_64-pc-cygwin/7.3.0/../../../../x86_64-pc-cygwin/lib -L/usr/lib/gcc/x86_64-pc-cygwin/7.3.0/../../.. --enable-auto-import CMakeFiles/cmTC_36f4d.dir/CMakeCXXCompilerABI.cpp.o --out-implib libcmTC_36f4d.dll.a --major-image-version 0 --minor-image-version 0 -lstdc++ -lgcc_s -lgcc -lcygwin -ladvapi32 -lshell32 -luser32 -lkernel32 -lgcc_s -lgcc /usr/lib/gcc/x86_64-pc-cygwin/7.3.0/../../../../lib/default-manifest.o /usr/lib/gcc/x86_64-pc-cygwin/7.3.0/crtend.o
COLLECT_GCC_OPTIONS='-v' '-o' 'cmTC_36f4d.exe' '-shared-libgcc' '-mtune=generic' '-march=x86-64'
make[1]: Leaving directory '/cygdrive/z/Coding/Repositories/Computer-Science/CIS 467/Lab #3/Server/cmake-build-debug/CMakeFiles/CMakeTmp'


Parsed CXX implicit link information from above output:
  link line regex: [^( *|.*[/\])(ld\.exe|([^/\]+-)?ld|collect2)[^/\]*( |$)]
  ignore line: [Change Dir: /cygdrive/z/Coding/Repositories/Computer-Science/CIS 467/Lab #3/Server/cmake-build-debug/CMakeFiles/CMakeTmp]
  ignore line: []
  ignore line: [Run Build Command:"/usr/bin/make.exe" "cmTC_36f4d/fast"]
  ignore line: [/usr/bin/make -f CMakeFiles/cmTC_36f4d.dir/build.make CMakeFiles/cmTC_36f4d.dir/build]
  ignore line: [make[1]: Entering directory '/cygdrive/z/Coding/Repositories/Computer-Science/CIS 467/Lab #3/Server/cmake-build-debug/CMakeFiles/CMakeTmp']
  ignore line: [Building CXX object CMakeFiles/cmTC_36f4d.dir/CMakeCXXCompilerABI.cpp.o]
  ignore line: [/usr/bin/c++.exe      -o CMakeFiles/cmTC_36f4d.dir/CMakeCXXCompilerABI.cpp.o -c /usr/share/cmake-3.6.2/Modules/CMakeCXXCompilerABI.cpp]
  ignore line: [Linking CXX executable cmTC_36f4d.exe]
  ignore line: [/usr/bin/cmake.exe -E cmake_link_script CMakeFiles/cmTC_36f4d.dir/link.txt --verbose=1]
  ignore line: [/usr/bin/c++.exe     -Wl,--enable-auto-import -v CMakeFiles/cmTC_36f4d.dir/CMakeCXXCompilerABI.cpp.o  -o cmTC_36f4d.exe -Wl,--out-implib,libcmTC_36f4d.dll.a -Wl,--major-image-version,0,--minor-image-version,0  ]
  ignore line: [Using built-in specs.]
  ignore line: [COLLECT_GCC=/usr/bin/c++]
  ignore line: [COLLECT_LTO_WRAPPER=/usr/lib/gcc/x86_64-pc-cygwin/7.3.0/lto-wrapper.exe]
  ignore line: [Target: x86_64-pc-cygwin]
  ignore line: [Configured with: /cygdrive/i/szsz/tmpp/gcc/gcc-7.3.0-3.x86_64/src/gcc-7.3.0/configure --srcdir=/cygdrive/i/szsz/tmpp/gcc/gcc-7.3.0-3.x86_64/src/gcc-7.3.0 --prefix=/usr --exec-prefix=/usr --localstatedir=/var --sysconfdir=/etc --docdir=/usr/share/doc/gcc --htmldir=/usr/share/doc/gcc/html -C --build=x86_64-pc-cygwin --host=x86_64-pc-cygwin --target=x86_64-pc-cygwin --without-libiconv-prefix --without-libintl-prefix --libexecdir=/usr/lib --enable-shared --enable-shared-libgcc --enable-static --enable-version-specific-runtime-libs --enable-bootstrap --enable-__cxa_atexit --with-dwarf2 --with-tune=generic --enable-languages=ada,c,c++,fortran,lto,objc,obj-c++ --enable-graphite --enable-threads=posix --enable-libatomic --enable-libcilkrts --enable-libgomp --enable-libitm --enable-libquadmath --enable-libquadmath-support --disable-libssp --enable-libada --disable-symvers --with-gnu-ld --with-gnu-as --with-cloog-include=/usr/include/cloog-isl --without-libiconv-prefix --without-libintl-prefix --with-system-zlib --enable-linker-build-id --with-default-libstdcxx-abi=gcc4-compatible --enable-libstdcxx-filesystem-ts]
  ignore line: [Thread model: posix]
  ignore line: [gcc version 7.3.0 (GCC) ]
  ignore line: [COMPILER_PATH=/usr/lib/gcc/x86_64-pc-cygwin/7.3.0/:/usr/lib/gcc/x86_64-pc-cygwin/7.3.0/:/usr/lib/gcc/x86_64-pc-cygwin/:/usr/lib/gcc/x86_64-pc-cygwin/7.3.0/:/usr/lib/gcc/x86_64-pc-cygwin/:/usr/lib/gcc/x86_64-pc-cygwin/7.3.0/../../../../x86_64-pc-cygwin/bin/]
  ignore line: [LIBRARY_PATH=/usr/lib/gcc/x86_64-pc-cygwin/7.3.0/:/usr/lib/gcc/x86_64-pc-cygwin/7.3.0/../../../../x86_64-pc-cygwin/lib/../lib/:/usr/lib/gcc/x86_64-pc-cygwin/7.3.0/../../../../lib/:/lib/../lib/:/usr/lib/../lib/:/usr/lib/gcc/x86_64-pc-cygwin/7.3.0/../../../../x86_64-pc-cygwin/lib/:/usr/lib/gcc/x86_64-pc-cygwin/7.3.0/../../../:/lib/:/usr/lib/]
  ignore line: [COLLECT_GCC_OPTIONS='-v' '-o' 'cmTC_36f4d.exe' '-shared-libgcc' '-mtune=generic' '-march=x86-64']
  link line: [ /usr/lib/gcc/x86_64-pc-cygwin/7.3.0/collect2.exe -plugin /usr/lib/gcc/x86_64-pc-cygwin/7.3.0/cyglto_plugin.dll -plugin-opt=/usr/lib/gcc/x86_64-pc-cygwin/7.3.0/lto-wrapper.exe -plugin-opt=-fresolution=/tmp/ccX7ckwM.res -plugin-opt=-pass-through=-lgcc_s -plugin-opt=-pass-through=-lgcc -plugin-opt=-pass-through=-lcygwin -plugin-opt=-pass-through=-ladvapi32 -plugin-opt=-pass-through=-lshell32 -plugin-opt=-pass-through=-luser32 -plugin-opt=-pass-through=-lkernel32 -plugin-opt=-pass-through=-lgcc_s -plugin-opt=-pass-through=-lgcc --build-id -m i386pep --wrap _Znwm --wrap _Znam --wrap _ZdlPv --wrap _ZdaPv --wrap _ZnwmRKSt9nothrow_t --wrap _ZnamRKSt9nothrow_t --wrap _ZdlPvRKSt9nothrow_t --wrap _ZdaPvRKSt9nothrow_t -Bdynamic --dll-search-prefix=cyg --tsaware -o cmTC_36f4d.exe /usr/lib/gcc/x86_64-pc-cygwin/7.3.0/../../../../lib/crt0.o /usr/lib/gcc/x86_64-pc-cygwin/7.3.0/crtbegin.o -L/usr/lib/gcc/x86_64-pc-cygwin/7.3.0 -L/usr/lib/gcc/x86_64-pc-cygwin/7.3.0/../../../../x86_64-pc-cygwin/lib/../lib -L/usr/lib/gcc/x86_64-pc-cygwin/7.3.0/../../../../lib -L/lib/../lib -L/usr/lib/../lib -L/usr/lib/gcc/x86_64-pc-cygwin/7.3.0/../../../../x86_64-pc-cygwin/lib -L/usr/lib/gcc/x86_64-pc-cygwin/7.3.0/../../.. --enable-auto-import CMakeFiles/cmTC_36f4d.dir/CMakeCXXCompilerABI.cpp.o --out-implib libcmTC_36f4d.dll.a --major-image-version 0 --minor-image-version 0 -lstdc++ -lgcc_s -lgcc -lcygwin -ladvapi32 -lshell32 -luser32 -lkernel32 -lgcc_s -lgcc /usr/lib/gcc/x86_64-pc-cygwin/7.3.0/../../../../lib/default-manifest.o /usr/lib/gcc/x86_64-pc-cygwin/7.3.0/crtend.o]
    arg [/usr/lib/gcc/x86_64-pc-cygwin/7.3.0/collect2.exe] ==> ignore
    arg [-plugin] ==> ignore
    arg [/usr/lib/gcc/x86_64-pc-cygwin/7.3.0/cyglto_plugin.dll] ==> ignore
    arg [-plugin-opt=/usr/lib/gcc/x86_64-pc-cygwin/7.3.0/lto-wrapper.exe] ==> ignore
    arg [-plugin-opt=-fresolution=/tmp/ccX7ckwM.res] ==> ignore
    arg [-plugin-opt=-pass-through=-lgcc_s] ==> ignore
    arg [-plugin-opt=-pass-through=-lgcc] ==> ignore
    arg [-plugin-opt=-pass-through=-lcygwin] ==> ignore
    arg [-plugin-opt=-pass-through=-ladvapi32] ==> ignore
    arg [-plugin-opt=-pass-through=-lshell32] ==> ignore
    arg [-plugin-opt=-pass-through=-luser32] ==> ignore
    arg [-plugin-opt=-pass-through=-lkernel32] ==> ignore
    arg [-plugin-opt=-pass-through=-lgcc_s] ==> ignore
    arg [-plugin-opt=-pass-through=-lgcc] ==> ignore
    arg [--build-id] ==> ignore
    arg [-m] ==> ignore
    arg [i386pep] ==> ignore
    arg [--wrap] ==> ignore
    arg [_Znwm] ==> ignore
    arg [--wrap] ==> ignore
    arg [_Znam] ==> ignore
    arg [--wrap] ==> ignore
    arg [_ZdlPv] ==> ignore
    arg [--wrap] ==> ignore
    arg [_ZdaPv] ==> ignore
    arg [--wrap] ==> ignore
    arg [_ZnwmRKSt9nothrow_t] ==> ignore
    arg [--wrap] ==> ignore
    arg [_ZnamRKSt9nothrow_t] ==> ignore
    arg [--wrap] ==> ignore
    arg [_ZdlPvRKSt9nothrow_t] ==> ignore
    arg [--wrap] ==> ignore
    arg [_ZdaPvRKSt9nothrow_t] ==> ignore
    arg [-Bdynamic] ==> ignore
    arg [--dll-search-prefix=cyg] ==> ignore
    arg [--tsaware] ==> ignore
    arg [-o] ==> ignore
    arg [cmTC_36f4d.exe] ==> ignore
    arg [/usr/lib/gcc/x86_64-pc-cygwin/7.3.0/../../../../lib/crt0.o] ==> ignore
    arg [/usr/lib/gcc/x86_64-pc-cygwin/7.3.0/crtbegin.o] ==> ignore
    arg [-L/usr/lib/gcc/x86_64-pc-cygwin/7.3.0] ==> dir [/usr/lib/gcc/x86_64-pc-cygwin/7.3.0]
    arg [-L/usr/lib/gcc/x86_64-pc-cygwin/7.3.0/../../../../x86_64-pc-cygwin/lib/../lib] ==> dir [/usr/lib/gcc/x86_64-pc-cygwin/7.3.0/../../../../x86_64-pc-cygwin/lib/../lib]
    arg [-L/usr/lib/gcc/x86_64-pc-cygwin/7.3.0/../../../../lib] ==> dir [/usr/lib/gcc/x86_64-pc-cygwin/7.3.0/../../../../lib]
    arg [-L/lib/../lib] ==> dir [/lib/../lib]
    arg [-L/usr/lib/../lib] ==> dir [/usr/lib/../lib]
    arg [-L/usr/lib/gcc/x86_64-pc-cygwin/7.3.0/../../../../x86_64-pc-cygwin/lib] ==> dir [/usr/lib/gcc/x86_64-pc-cygwin/7.3.0/../../../../x86_64-pc-cygwin/lib]
    arg [-L/usr/lib/gcc/x86_64-pc-cygwin/7.3.0/../../..] ==> dir [/usr/lib/gcc/x86_64-pc-cygwin/7.3.0/../../..]
    arg [--enable-auto-import] ==> ignore
    arg [CMakeFiles/cmTC_36f4d.dir/CMakeCXXCompilerABI.cpp.o] ==> ignore
    arg [--out-implib] ==> ignore
    arg [libcmTC_36f4d.dll.a] ==> ignore
    arg [--major-image-version] ==> ignore
    arg [0] ==> ignore
    arg [--minor-image-version] ==> ignore
    arg [0] ==> ignore
    arg [-lstdc++] ==> lib [stdc++]
    arg [-lgcc_s] ==> lib [gcc_s]
    arg [-lgcc] ==> lib [gcc]
    arg [-lcygwin] ==> lib [cygwin]
    arg [-ladvapi32] ==> lib [advapi32]
    arg [-lshell32] ==> lib [shell32]
    arg [-luser32] ==> lib [user32]
    arg [-lkernel32] ==> lib [kernel32]
    arg [-lgcc_s] ==> lib [gcc_s]
    arg [-lgcc] ==> lib [gcc]
    arg [/usr/lib/gcc/x86_64-pc-cygwin/7.3.0/../../../../lib/default-manifest.o] ==> ignore
    arg [/usr/lib/gcc/x86_64-pc-cygwin/7.3.0/crtend.o] ==> ignore
  remove lib [gcc_s]
  remove lib [gcc]
  remove lib [gcc_s]
  remove lib [gcc]
  collapse library dir [/usr/lib/gcc/x86_64-pc-cygwin/7.3.0] ==> [/usr/lib/gcc/x86_64-pc-cygwin/7.3.0]
  collapse library dir [/usr/lib/gcc/x86_64-pc-cygwin/7.3.0/../../../../x86_64-pc-cygwin/lib/../lib] ==> [/usr/x86_64-pc-cygwin/lib]
  collapse library dir [/usr/lib/gcc/x86_64-pc-cygwin/7.3.0/../../../../lib] ==> [/usr/lib]
  collapse library dir [/lib/../lib] ==> [/lib]
  collapse library dir [/usr/lib/../lib] ==> [/usr/lib]
  collapse library dir [/usr/lib/gcc/x86_64-pc-cygwin/7.3.0/../../../../x86_64-pc-cygwin/lib] ==> [/usr/x86_64-pc-cygwin/lib]
  collapse library dir [/usr/lib/gcc/x86_64-pc-cygwin/7.3.0/../../..] ==> [/usr/lib]
  implicit libs: [stdc++;cygwin;advapi32;shell32;user32;kernel32]
  implicit dirs: [/usr/lib/gcc/x86_64-pc-cygwin/7.3.0;/usr/x86_64-pc-cygwin/lib;/usr/lib;/lib]
  implicit fwks: []


