SQL> -- ------------------------------------------------------------
SQL> --
SQL> -- Name: Jarred Parr
SQL> --
SQL> -- -------------------------------------------------------------
SQL> --
SQL> -- NULL AND SUBSTRINGS -------------------------------
SQL> --
SQL> /*(10B)
SQL> Find the ssn and last name of every employee whose ssn contains two consecutive 8's, and has a supervisor. Sort the results by ssn.
SQL> */
SQL> SELECT ssn, lname
  2  FROM employee
  3  WHERE ssn LIKE '%88%'
  4  	 AND super_ssn IS NOT NULL;

SSN       LNAME                                                                 
--------- ---------------                                                       
999887777 Zelaya                                                                
666884444 Narayan                                                               

SQL> --
SQL> -- JOINING 3 TABLES ------------------------------
SQL> --
SQL> /*(11B)
SQL> For every employee who works for more than 20 hours on any project that is controlled by the research department: Find the ssn, project number,  and number of hours. Sort the results by ssn.
SQL> */
SQL> SELECT w.essn, p.pnumber, w.hours
  2  FROM department d, project p, works_on w
  3  WHERE w.pno = p.pnumber
  4  	 AND p.dnum = d.dnumber
  5  	 AND d.dname = 'Research'
  6  	 AND w.hours > 20
  7  	 ORDER BY w.essn;

ESSN         PNUMBER      HOURS                                                 
--------- ---------- ----------                                                 
123456789          1       32.5                                                 
666884444          3         40                                                 

SQL> --
SQL> -- JOINING 3 TABLES ---------------------------
SQL> --
SQL> /*(12B)
SQL> Write a query that consists of one block only.
SQL> For every employee who works less than 10 hours on any project that is controlled by the department he works for:
SQL> Find the employee's lname, his department number, project number, the number of the department controlling it, and the number of hours he works on that project. Sort the results by lname.
SQL> */
SQL> SELECT e.lname, p.pnumber, p.dnum, w.hours
  2  FROM employee e, project p, works_on w
  3  WHERE e.ssn = w.essn
  4  	 AND w.pno = p.pnumber
  5  	 AND w.hours < 10
  6  	 AND p.dnum = e.dno
  7  	 ORDER BY e.lname;

LNAME              PNUMBER       DNUM      HOURS                                
--------------- ---------- ---------- ----------                                
Jabbar                  30          4          5                                
Smith                    2          5        7.5                                

SQL> --
SQL> -- JOINING 4 TABLES -------------------------
SQL> --
SQL> /*(13B)
SQL> For every employee who works on any project that is located in Houston:
SQL> Find the employees ssn and lname, and the names of his/her dependent(s) and their relationship(s) to the employee.
SQL> Notice that there will be one row per qualyfing dependent. Sort the results by employee lname.
SQL> */
SQL> SELECT DISTINCT e.ssn, e.lname, d.dependent_name, d.relationship
  2  FROM employee e, dependent d, project p, works_on w
  3  WHERE e.ssn = w.essn
  4  	 AND w.pno = p.pnumber
  5  	 AND e.ssn = d.essn
  6  	 AND p.plocation = 'Houston'
  7  	 ORDER BY e.lname;

SSN       LNAME           DEPENDENT_NAME  RELATION                              
--------- --------------- --------------- --------                              
987654321 Wallace         Abner           Spouse                                
333445555 Wong            Alice           Daughter                              
333445555 Wong            Joy             Spouse                                
333445555 Wong            Theodore        Son                                   

SQL> --
SQL> -- SELF JOIN -------------------------------------------
SQL> --
SQL> /*(14B)
SQL> Write a query that consists of one block only.
SQL> For every employee who works for a department that is different from his supervisor's department: Find his ssn, lname, department number; and his supervisor's ssn, lname, and department number. Sort the results by ssn.
SQL> */
SQL> SELECT e.ssn, e.lname, e.dno, e2.ssn, e2.lname, e2.dno
  2  FROM employee e, employee e2
  3  WHERE e.dno != e2.dno
  4  	 AND e2.ssn = e.super_ssn
  5  	 ORDER BY e.ssn;

SSN       LNAME                  DNO SSN       LNAME                  DNO       
--------- --------------- ---------- --------- --------------- ----------       
333445555 Wong                     5 888665555 Borg                     1       
987654321 Wallace                  4 888665555 Borg                     1       

SQL> --
SQL> -- USING MORE THAN ONE RANGE VARIABLE ON ONE TABLE -------------------
SQL> --
SQL> /*(15B)
SQL> Find pairs of employee lname's such that the two employees in the pair work on the same project for the same number of hours.
SQL> List every pair once only. Sort the result by the lname in the left column in the result.
SQL> */
SQL> SELECT DISTINCT e1.lname, e2.lname
  2  FROM employee e1, employee e2, works_on w1, works_on w2
  3  WHERE e1.ssn = w1.essn
  4  	 AND e2.ssn = w2.essn
  5  	 AND e1.ssn < e2.ssn
  6  	 AND w1.pno = w2.pno
  7  	 AND w1.hours = w2.hours;

LNAME           LNAME                                                           
--------------- ---------------                                                 
Wong            Zelaya                                                          

SQL> --
SQL> /*(16B)
SQL> For every employee who has more than one dependent: Find the ssn, lname, and number of dependents. Sort the result by lname
SQL> */
SQL> SELECT e.ssn, e.lname, count(*)
  2  FROM employee e, dependent d
  3  WHERE d.essn = e.ssn
  4  GROUP BY e.lname, e.ssn
  5  HAVING count(*) > 2
  6  ORDER BY e.lname;

SSN       LNAME             COUNT(*)                                            
--------- --------------- ----------                                            
123456789 Smith                    3                                            
333445555 Wong                     3                                            

SQL> --
SQL> /*(17B)
SQL> For every project that has more than 2 employees working on and the total hours worked on it is less than 40:
SQL> Find the project number, project name, number of employees working on it, and the total number of hours worked by all employees on that project.
SQL> Sort the results by project number.
SQL> */
SQL> SELECT p.pnumber, p.pname, COUNT(*), SUM(w.hours)
  2  FROM project p, works_on w
  3  WHERE p.pnumber = w.pno
  4  GROUP BY p.pnumber, p.pname
  5  HAVING COUNT(*) > 2
  6  	 AND SUM(w.hours) < 40
  7  	 ORDER BY p.pnumber;

   PNUMBER PNAME             COUNT(*) SUM(W.HOURS)                              
---------- --------------- ---------- ------------                              
         2 ProductY                 3         37.5                              
        20 Reorganization           3           25                              

SQL> --
SQL> -- CORRELATED SUBQUERY --------------------------------
SQL> --
SQL> /*(18B)
SQL> For every employee whose salary is above the average salary in his department: Find the dno, ssn, lname, and salary. Sort the results by department number.
SQL> */
SQL> SELECT e.dno, e.ssn, e.lname, e.salary
  2  FROM employee e
  3  WHERE e.salary > (SELECT AVG(e1.salary)
  4  		       FROM employee e1
  5  		       WHERE e.dno = e1.dno)
  6  ORDER BY e.dno;

       DNO SSN       LNAME               SALARY                                 
---------- --------- --------------- ----------                                 
         4 987654321 Wallace              43000                                 
         5 666884444 Narayan              38000                                 
         5 333445555 Wong                 40000                                 

SQL> --
SQL> -- CORRELATED SUBQUERY -------------------------------
SQL> --
SQL> /*(19B)
SQL> For every employee who works for the research department but does not work on any one project for more than 20 hours:
SQL> Find the ssn and lname. Sort the results by lname
SQL> */
SQL> SELECT e.ssn, e.lname
  2  FROM employee e
  3  WHERE e.dno = 5
  4  AND NOT EXISTS (SELECT *
  5  		     FROM project p, works_on w
  6  		     WHERE e.ssn = w.essn
  7  			 AND w.pno = p.pnumber
  8  			 AND w.hours < 20)
  9  ORDER BY e.lname;

SSN       LNAME                                                                 
--------- ---------------                                                       
453453453 English                                                               
666884444 Narayan                                                               

SQL> --
SQL> -- DIVISION ---------------------------------------------
SQL> --
SQL> /*(20B) Hint: This is a DIVISION query
SQL> For every employee who works on every project that is controlled by department 4: Find the ssn and lname. Sort the results by lname
SQL> */
SQL> SELECT e.ssn, e.lname
  2  FROM employee e
  3  WHERE NOT EXISTS ((SELECT p.pnumber
  4  			FROM project p
  5  			WHERE p.dnum = 4) MINUS (SELECT p.pnumber
  6  						 FROM project p, works_on w
  7  						 WHERE w.pno = p.pnumber
  8  						     AND w.essn = e.ssn
  9  						     AND p.dnum = 4))
 10  												     ORDER BY e.lname;

SSN       LNAME                                                                 
--------- ---------------                                                       
987987987 Jabbar                                                                
999887777 Zelaya                                                                

SQL> --
SQL> SET ECHO OFF
