NL-08014: Failed to initialize Diagnosability framework, falling back to old network tracing/logging 
 
 NL-08015: Client(OCI) side initialization of Diagnosability framework failed
  ORA-48165: user missing read, write, or exec permission on specified ADR Base directory []
User inputted base directory is invalid [48187] [/oracle]



***********************************************************************
Fatal NI connect error 12541, connecting to:
 (DESCRIPTION=(CONNECT_DATA=(SERVICE_NAME=)(CID=(PROGRAM=sqlplus)(HOST=eos11.cis.gvsu.edu)(USER=flynnky)))(ADDRESS=(PROTOCOL=TCP)(HOST=67.192.185.197)(PORT=1521)))

  VERSION INFORMATION:
	TNS for Linux: Version 11.2.0.1.0 - Production
	TCP/IP NT Protocol Adapter for Linux: Version 11.2.0.1.0 - Production
  Time: 09-APR-2018 09:56:03
  Tracing not turned on.
  Tns error struct:
    ns main err code: 12541
    TNS-12541: TNS:no listener
    ns secondary err code: 12560
    nt main err code: 511
    TNS-00511: No listener
    nt secondary err code: 111
    nt OS err code: 0
NL-08014: Failed to initialize Diagnosability framework, falling back to old network tracing/logging 
 
 NL-08015: Client(OCI) side initialization of Diagnosability framework failed
  ORA-48165: user missing read, write, or exec permission on specified ADR Base directory []
User inputted base directory is invalid [48187] [/oracle]

NL-08014: Failed to initialize Diagnosability framework, falling back to old network tracing/logging 
 
 NL-08015: Client(OCI) side initialization of Diagnosability framework failed
  ORA-48165: user missing read, write, or exec permission on specified ADR Base directory []
User inputted base directory is invalid [48187] [/oracle]

NL-08014: Failed to initialize Diagnosability framework, falling back to old network tracing/logging 
 
 NL-08015: Client(OCI) side initialization of Diagnosability framework failed
  ORA-48165: user missing read, write, or exec permission on specified ADR Base directory []
User inputted base directory is invalid [48187] [/oracle]

NL-08014: Failed to initialize Diagnosability framework, falling back to old network tracing/logging 
 
 NL-08015: Client(OCI) side initialization of Diagnosability framework failed
  ORA-48165: user missing read, write, or exec permission on specified ADR Base directory []
User inputted base directory is invalid [48187] [/oracle]

NL-08014: Failed to initialize Diagnosability framework, falling back to old network tracing/logging 
 
 NL-08015: Client(OCI) side initialization of Diagnosability framework failed
  ORA-48165: user missing read, write, or exec permission on specified ADR Base directory []
User inputted base directory is invalid [48187] [/oracle]

NL-08014: Failed to initialize Diagnosability framework, falling back to old network tracing/logging 
 
 NL-08015: Client(OCI) side initialization of Diagnosability framework failed
  ORA-48165: user missing read, write, or exec permission on specified ADR Base directory []
User inputted base directory is invalid [48187] [/oracle]

NL-08014: Failed to initialize Diagnosability framework, falling back to old network tracing/logging 
 
 NL-08015: Client(OCI) side initialization of Diagnosability framework failed
  ORA-48165: user missing read, write, or exec permission on specified ADR Base directory []
User inputted base directory is invalid [48187] [/oracle]

NL-08014: Failed to initialize Diagnosability framework, falling back to old network tracing/logging 
 
 NL-08015: Client(OCI) side initialization of Diagnosability framework failed
  ORA-48165: user missing read, write, or exec permission on specified ADR Base directory []
User inputted base directory is invalid [48187] [/oracle]

NL-08014: Failed to initialize Diagnosability framework, falling back to old network tracing/logging 
 
 NL-08015: Client(OCI) side initialization of Diagnosability framework failed
  ORA-48165: user missing read, write, or exec permission on specified ADR Base directory []
User inputted base directory is invalid [48187] [/oracle]

NL-08014: Failed to initialize Diagnosability framework, falling back to old network tracing/logging 
 
 NL-08015: Client(OCI) side initialization of Diagnosability framework failed
  ORA-48165: user missing read, write, or exec permission on specified ADR Base directory []
User inputted base directory is invalid [48187] [/oracle]

NL-08014: Failed to initialize Diagnosability framework, falling back to old network tracing/logging 
 
 NL-08015: Client(OCI) side initialization of Diagnosability framework failed
  ORA-48165: user missing read, write, or exec permission on specified ADR Base directory []
User inputted base directory is invalid [48187] [/oracle]

NL-08014: Failed to initialize Diagnosability framework, falling back to old network tracing/logging 
 
 NL-08015: Client(OCI) side initialization of Diagnosability framework failed
  ORA-48165: user missing read, write, or exec permission on specified ADR Base directory []
User inputted base directory is invalid [48187] [/oracle]

NL-08014: Failed to initialize Diagnosability framework, falling back to old network tracing/logging 
 
 NL-08015: Client(OCI) side initialization of Diagnosability framework failed
  ORA-48165: user missing read, write, or exec permission on specified ADR Base directory []
User inputted base directory is invalid [48187] [/oracle]

NL-08014: Failed to initialize Diagnosability framework, falling back to old network tracing/logging 
 
 NL-08015: Client(OCI) side initialization of Diagnosability framework failed
  ORA-48165: user missing read, write, or exec permission on specified ADR Base directory []
User inputted base directory is invalid [48187] [/oracle]

NL-08014: Failed to initialize Diagnosability framework, falling back to old network tracing/logging 
 
 NL-08015: Client(OCI) side initialization of Diagnosability framework failed
  ORA-48165: user missing read, write, or exec permission on specified ADR Base directory []
User inputted base directory is invalid [48187] [/oracle]

